2018-02-03 12:47:43,967 [Worker-5] INFO  c.g.t.t.d.PublishedGradleVersions - Gradle version information cache is out-of-date. Trying to update.
2018-02-10 14:16:27,975 [Worker-3] INFO  c.g.t.t.d.PublishedGradleVersions - Gradle version information cache is up-to-date. Trying to read.
2018-02-17 12:40:36,300 [Worker-4] INFO  c.g.t.t.d.PublishedGradleVersions - Gradle version information cache is out-of-date. Trying to update.
2018-02-24 12:58:41,836 [Worker-0] INFO  c.g.t.t.d.PublishedGradleVersions - Gradle version information cache is out-of-date. Trying to update.
2018-03-10 12:46:49,621 [Worker-4] INFO  c.g.t.t.d.PublishedGradleVersions - Gradle version information cache is out-of-date. Trying to update.
2018-04-13 20:44:20,931 [Worker-2] INFO  c.g.t.t.d.PublishedGradleVersions - Gradle version information cache is up-to-date. Trying to read.
2018-04-13 20:45:35,433 [Worker-14] INFO  o.e.m.c.i.l.LifecycleMappingFactory - Using org.eclipse.m2e.jdt.JarLifecycleMapping lifecycle mapping for MavenProject: com.example.db_lab_5:db_lab_5:0.0.1-SNAPSHOT @ F:\2018\git_code\COMP228_003_W2018\COMP228_003_W2018\db_lab_5\pom.xml.
2018-04-13 20:45:38,300 [Worker-14] INFO  o.e.m.c.i.embedder.EclipseLogger - Using 'UTF-8' encoding to copy filtered resources.
2018-04-13 20:45:38,301 [Worker-14] INFO  o.e.m.c.i.embedder.EclipseLogger - skip non existing resourceDirectory F:\2018\git_code\COMP228_003_W2018\COMP228_003_W2018\db_lab_5\src\main\resources
2018-04-13 20:45:38,303 [Worker-14] INFO  o.e.m.c.i.embedder.EclipseLogger - Using 'UTF-8' encoding to copy filtered resources.
2018-04-13 20:45:38,303 [Worker-14] INFO  o.e.m.c.i.embedder.EclipseLogger - skip non existing resourceDirectory F:\2018\git_code\COMP228_003_W2018\COMP228_003_W2018\db_lab_5\src\test\resources
2018-04-13 20:45:41,244 [Worker-14] INFO  o.e.m.c.i.embedder.EclipseLogger - Using 'UTF-8' encoding to copy filtered resources.
2018-04-13 20:45:41,246 [Worker-14] INFO  o.e.m.c.i.embedder.EclipseLogger - skip non existing resourceDirectory F:\2018\git_code\COMP228_003_W2018\COMP228_003_W2018\db_lab_5\src\main\resources
2018-04-13 20:45:41,250 [Worker-14] INFO  o.e.m.c.i.embedder.EclipseLogger - Using 'UTF-8' encoding to copy filtered resources.
2018-04-13 20:45:41,251 [Worker-14] INFO  o.e.m.c.i.embedder.EclipseLogger - skip non existing resourceDirectory F:\2018\git_code\COMP228_003_W2018\COMP228_003_W2018\db_lab_5\src\test\resources
2018-04-14 08:52:57,488 [Worker-5] INFO  c.g.t.t.d.PublishedGradleVersions - Gradle version information cache is up-to-date. Trying to read.
2018-04-14 08:53:22,367 [Worker-0] INFO  o.e.m.c.i.embedder.EclipseLogger - Using 'UTF-8' encoding to copy filtered resources.
2018-04-14 08:53:22,368 [Worker-0] INFO  o.e.m.c.i.embedder.EclipseLogger - skip non existing resourceDirectory F:\2018\git_code\COMP228_003_W2018\COMP228_003_W2018\db_lab_5\src\main\resources
2018-04-14 08:53:22,370 [Worker-0] INFO  o.e.m.c.i.embedder.EclipseLogger - Using 'UTF-8' encoding to copy filtered resources.
2018-04-14 08:53:22,370 [Worker-0] INFO  o.e.m.c.i.embedder.EclipseLogger - skip non existing resourceDirectory F:\2018\git_code\COMP228_003_W2018\COMP228_003_W2018\db_lab_5\src\test\resources
2018-04-14 08:53:24,602 [Worker-12] INFO  o.e.m.c.i.embedder.EclipseLogger - Using 'UTF-8' encoding to copy filtered resources.
2018-04-14 08:53:24,602 [Worker-12] INFO  o.e.m.c.i.embedder.EclipseLogger - skip non existing resourceDirectory F:\2018\git_code\COMP228_003_W2018\COMP228_003_W2018\db_lab_5\src\main\resources
2018-04-14 08:53:24,605 [Worker-12] INFO  o.e.m.c.i.embedder.EclipseLogger - Using 'UTF-8' encoding to copy filtered resources.
2018-04-14 08:53:24,605 [Worker-12] INFO  o.e.m.c.i.embedder.EclipseLogger - skip non existing resourceDirectory F:\2018\git_code\COMP228_003_W2018\COMP228_003_W2018\db_lab_5\src\test\resources
2018-04-15 09:30:52,032 [Worker-0] INFO  c.g.t.t.d.PublishedGradleVersions - Gradle version information cache is out-of-date. Trying to update.
2018-04-15 09:31:07,740 [Worker-6] INFO  o.e.m.c.i.embedder.EclipseLogger - Using 'UTF-8' encoding to copy filtered resources.
2018-04-15 09:31:07,741 [Worker-6] INFO  o.e.m.c.i.embedder.EclipseLogger - skip non existing resourceDirectory F:\2018\git_code\COMP228_003_W2018\COMP228_003_W2018\db_lab_5\src\main\resources
2018-04-15 09:31:07,744 [Worker-6] INFO  o.e.m.c.i.embedder.EclipseLogger - Using 'UTF-8' encoding to copy filtered resources.
2018-04-15 09:31:07,745 [Worker-6] INFO  o.e.m.c.i.embedder.EclipseLogger - skip non existing resourceDirectory F:\2018\git_code\COMP228_003_W2018\COMP228_003_W2018\db_lab_5\src\test\resources
2018-04-15 19:45:59,417 [Worker-1] INFO  c.g.t.t.d.PublishedGradleVersions - Gradle version information cache is up-to-date. Trying to read.
2018-04-15 19:47:24,323 [Worker-24] INFO  o.e.m.c.i.embedder.EclipseLogger - Using 'UTF-8' encoding to copy filtered resources.
2018-04-15 19:47:24,354 [Worker-24] INFO  o.e.m.c.i.embedder.EclipseLogger - skip non existing resourceDirectory F:\2018\git_code\COMP228_003_W2018\COMP228_003_W2018\db_lab_5\src\main\resources
2018-04-15 19:47:24,358 [Worker-24] INFO  o.e.m.c.i.embedder.EclipseLogger - Using 'UTF-8' encoding to copy filtered resources.
2018-04-15 19:47:24,358 [Worker-24] INFO  o.e.m.c.i.embedder.EclipseLogger - skip non existing resourceDirectory F:\2018\git_code\COMP228_003_W2018\COMP228_003_W2018\db_lab_5\src\test\resources
2018-04-15 19:47:26,341 [Worker-26] INFO  o.e.m.c.i.embedder.EclipseLogger - Using 'UTF-8' encoding to copy filtered resources.
2018-04-15 19:47:26,341 [Worker-26] INFO  o.e.m.c.i.embedder.EclipseLogger - skip non existing resourceDirectory F:\2018\git_code\COMP228_003_W2018\COMP228_003_W2018\db_lab_5\src\main\resources
2018-04-15 19:47:26,343 [Worker-26] INFO  o.e.m.c.i.embedder.EclipseLogger - Using 'UTF-8' encoding to copy filtered resources.
2018-04-15 19:47:26,343 [Worker-26] INFO  o.e.m.c.i.embedder.EclipseLogger - skip non existing resourceDirectory F:\2018\git_code\COMP228_003_W2018\COMP228_003_W2018\db_lab_5\src\test\resources
